Base path: /Applications/Unity/Unity.app/Contents
Pipe name: \\.\pipe\UnityShaderCompiler-64bit-3-775389184
Cmd: getPlatforms
Cmd: compileSnippet
  api=0 type=0 insize=982 outsize=11132 kw=DIRECTIONAL SHADOWS_OFF LIGHTMAP_OFF DIRLIGHTMAP_OFF DYNAMICLIGHTMAP_OFF VERTEXLIGHT_ON ok=1
Cmd: compileSnippet
  api=0 type=0 insize=982 outsize=11713 kw=DIRECTIONAL SHADOWS_SCREEN LIGHTMAP_OFF DIRLIGHTMAP_OFF DYNAMICLIGHTMAP_OFF _EMISSION VERTEXLIGHT_ON ok=1
Cmd: compileSnippet
  api=0 type=0 insize=982 outsize=10755 kw=DIRECTIONAL SHADOWS_SCREEN LIGHTMAP_OFF DIRLIGHTMAP_OFF DYNAMICLIGHTMAP_OFF FOG_EXP _EMISSION ok=1
Cmd: compileSnippet
  api=0 type=1 insize=982 outsize=6 kw=DIRECTIONAL SHADOWS_SCREEN LIGHTMAP_OFF DIRLIGHTMAP_OFF DYNAMICLIGHTMAP_OFF FOG_EXP _EMISSION ok=1
Cmd: compileSnippet
  api=0 type=0 insize=938 outsize=6147 kw=POINT_COOKIE SHADOWS_OFF ok=1
Cmd: compileSnippet
  api=0 type=0 insize=938 outsize=6407 kw=DIRECTIONAL_COOKIE SHADOWS_SCREEN ok=1
Cmd: compileSnippet
  api=0 type=0 insize=938 outsize=7763 kw=POINT SHADOWS_CUBE SHADOWS_SOFT ok=1
Cmd: compileSnippet
  api=0 type=0 insize=938 outsize=6490 kw=SPOT SHADOWS_OFF FOG_EXP ok=1
Cmd: compileSnippet
  api=0 type=0 insize=938 outsize=6432 kw=DIRECTIONAL SHADOWS_SCREEN FOG_EXP ok=1
Cmd: compileSnippet
  api=0 type=0 insize=938 outsize=7354 kw=SPOT SHADOWS_DEPTH SHADOWS_SOFT SHADOWS_NATIVE FOG_EXP ok=1
Cmd: compileSnippet
  api=0 type=0 insize=938 outsize=6023 kw=DIRECTIONAL SHADOWS_OFF FOG_EXP2 ok=1
Cmd: compileSnippet
  api=0 type=0 insize=938 outsize=6928 kw=SPOT SHADOWS_DEPTH SHADOWS_NATIVE FOG_EXP2 ok=1
Cmd: compileSnippet
  api=0 type=0 insize=938 outsize=7274 kw=POINT_COOKIE SHADOWS_CUBE FOG_EXP2 ok=1
Cmd: compileSnippet
  api=0 type=1 insize=938 outsize=6 kw=DIRECTIONAL_COOKIE SHADOWS_OFF ok=1
Cmd: compileSnippet
  api=0 type=1 insize=938 outsize=6 kw=POINT_COOKIE SHADOWS_CUBE ok=1
Cmd: compileSnippet
  api=0 type=1 insize=938 outsize=6 kw=POINT_COOKIE SHADOWS_CUBE SHADOWS_SOFT ok=1
Cmd: compileSnippet
  api=0 type=1 insize=938 outsize=6 kw=POINT_COOKIE SHADOWS_OFF FOG_EXP ok=1
Cmd: compileSnippet
  api=0 type=1 insize=938 outsize=6 kw=DIRECTIONAL_COOKIE SHADOWS_SCREEN FOG_EXP ok=1
Cmd: compileSnippet
  api=0 type=1 insize=938 outsize=6 kw=POINT SHADOWS_CUBE SHADOWS_SOFT FOG_EXP ok=1
Cmd: compileSnippet
  api=0 type=1 insize=938 outsize=6 kw=DIRECTIONAL SHADOWS_OFF FOG_EXP2 ok=1
Cmd: compileSnippet
  api=0 type=1 insize=938 outsize=6 kw=SPOT SHADOWS_DEPTH SHADOWS_NATIVE FOG_EXP2 ok=1
Cmd: compileSnippet
  api=0 type=1 insize=938 outsize=6 kw=POINT_COOKIE SHADOWS_CUBE FOG_EXP2 ok=1
Cmd: compileSnippet
  api=0 type=0 insize=751 outsize=487 kw=SHADOWS_CUBE ok=1
Cmd: compileSnippet
  api=0 type=0 insize=1152 outsize=8395 kw=LIGHTMAP_OFF DIRLIGHTMAP_OFF DYNAMICLIGHTMAP_OFF UNITY_HDR_ON ok=1
Cmd: compileSnippet
  api=0 type=1 insize=1152 outsize=6 kw=LIGHTMAP_OFF DIRLIGHTMAP_OFF DYNAMICLIGHTMAP_OFF _EMISSION ok=1
Cmd: compileSnippet
  api=0 type=0 insize=886 outsize=6427 kw=DIRECTIONAL SHADOWS_OFF LIGHTMAP_OFF DIRLIGHTMAP_OFF DYNAMICLIGHTMAP_OFF VERTEXLIGHT_ON ok=1
Cmd: compileSnippet
  api=0 type=0 insize=886 outsize=5892 kw=DIRECTIONAL SHADOWS_SCREEN LIGHTMAP_OFF DIRLIGHTMAP_OFF DYNAMICLIGHTMAP_OFF FOG_EXP ok=1
Cmd: compileSnippet
  api=0 type=0 insize=886 outsize=5950 kw=DIRECTIONAL SHADOWS_SCREEN LIGHTMAP_OFF DIRLIGHTMAP_OFF DYNAMICLIGHTMAP_OFF FOG_EXP2 ok=1
Cmd: compileSnippet
  api=0 type=0 insize=886 outsize=5742 kw=DIRECTIONAL SHADOWS_SCREEN LIGHTMAP_OFF DIRLIGHTMAP_OFF DYNAMICLIGHTMAP_OFF _EMISSION ok=1
Cmd: compileSnippet
  api=0 type=0 insize=886 outsize=6006 kw=DIRECTIONAL SHADOWS_SCREEN LIGHTMAP_OFF DIRLIGHTMAP_OFF DYNAMICLIGHTMAP_OFF FOG_EXP _EMISSION ok=1
Cmd: compileSnippet
  api=0 type=0 insize=886 outsize=6064 kw=DIRECTIONAL SHADOWS_SCREEN LIGHTMAP_OFF DIRLIGHTMAP_OFF DYNAMICLIGHTMAP_OFF FOG_EXP2 _EMISSION ok=1
Cmd: compileSnippet
  api=0 type=1 insize=886 outsize=6 kw=DIRECTIONAL SHADOWS_SCREEN LIGHTMAP_OFF DIRLIGHTMAP_OFF DYNAMICLIGHTMAP_OFF ok=1
Cmd: compileSnippet
  api=0 type=1 insize=886 outsize=6 kw=DIRECTIONAL SHADOWS_OFF LIGHTMAP_OFF DIRLIGHTMAP_OFF DYNAMICLIGHTMAP_OFF _EMISSION ok=1
Cmd: compileSnippet
  api=0 type=1 insize=886 outsize=6 kw=DIRECTIONAL SHADOWS_OFF LIGHTMAP_OFF DIRLIGHTMAP_OFF DYNAMICLIGHTMAP_OFF FOG_EXP2 _EMISSION ok=1
Cmd: compileSnippet
  api=0 type=0 insize=816 outsize=4951 kw=SPOT SHADOWS_OFF ok=1
Cmd: compileSnippet
  api=0 type=0 insize=816 outsize=4947 kw=DIRECTIONAL SHADOWS_SCREEN ok=1
Cmd: compileSnippet
  api=0 type=0 insize=816 outsize=5692 kw=POINT_COOKIE SHADOWS_CUBE ok=1
Cmd: compileSnippet
  api=0 type=0 insize=816 outsize=5593 kw=SPOT SHADOWS_DEPTH SHADOWS_NATIVE FOG_EXP ok=1
Cmd: compileSnippet
  api=0 type=0 insize=816 outsize=5942 kw=POINT_COOKIE SHADOWS_CUBE FOG_EXP ok=1
Cmd: compileSnippet
  api=0 type=0 insize=816 outsize=5189 kw=POINT_COOKIE SHADOWS_OFF FOG_EXP2 ok=1
Cmd: compileSnippet
  api=0 type=0 insize=816 outsize=5493 kw=DIRECTIONAL_COOKIE SHADOWS_SCREEN FOG_EXP2 ok=1
Cmd: compileSnippet
  api=0 type=1 insize=816 outsize=6 kw=SPOT SHADOWS_OFF ok=1
Cmd: compileSnippet
  api=0 type=1 insize=816 outsize=6 kw=SPOT SHADOWS_DEPTH SHADOWS_NATIVE ok=1
Cmd: compileSnippet
  api=0 type=1 insize=816 outsize=6 kw=POINT_COOKIE SHADOWS_CUBE ok=1
Cmd: compileSnippet
  api=0 type=1 insize=816 outsize=6 kw=POINT_COOKIE SHADOWS_OFF FOG_EXP ok=1
Cmd: compileSnippet
  api=0 type=1 insize=816 outsize=6 kw=DIRECTIONAL_COOKIE SHADOWS_SCREEN FOG_EXP ok=1
Cmd: compileSnippet
  api=0 type=1 insize=816 outsize=6 kw=DIRECTIONAL SHADOWS_OFF FOG_EXP2 ok=1
Cmd: compileSnippet
  api=0 type=1 insize=816 outsize=6 kw=SPOT SHADOWS_DEPTH SHADOWS_NATIVE FOG_EXP2 ok=1
Cmd: compileSnippet
  api=0 type=1 insize=816 outsize=6 kw=POINT_COOKIE SHADOWS_CUBE FOG_EXP2 ok=1
Cmd: compileSnippet
  api=0 type=1 insize=600 outsize=6 kw=SHADOWS_CUBE ok=1
Cmd: compileSnippet
  api=0 type=0 insize=1642 outsize=927 kw=FOG_EXP SOFTPARTICLES_OFF ok=1
Cmd: compileSnippet
  api=0 type=0 insize=1738 outsize=1755 kw=FOG_EXP2 SOFTPARTICLES_ON ok=1
Cmd: compileSnippet
  api=0 type=1 insize=1738 outsize=6 kw=FOG_EXP2 SOFTPARTICLES_ON ok=1
Cmd: compileSnippet
  api=0 type=0 insize=2561 outsize=1583 kw=DIRECTIONAL SHADOWS_OFF LIGHTMAP_OFF DIRLIGHTMAP_OFF DYNAMICLIGHTMAP_OFF VERTEXLIGHT_ON ok=1
Cmd: compileSnippet
  api=0 type=0 insize=2561 outsize=1909 kw=DIRECTIONAL SHADOWS_OFF LIGHTMAP_OFF DIRLIGHTMAP_OFF DYNAMICLIGHTMAP_OFF FOG_EXP VERTEXLIGHT_ON ok=1
Cmd: compileSnippet
  api=0 type=0 insize=2561 outsize=1963 kw=DIRECTIONAL SHADOWS_SCREEN LIGHTMAP_OFF DIRLIGHTMAP_OFF DYNAMICLIGHTMAP_OFF FOG_EXP2 VERTEXLIGHT_ON ok=1
Cmd: compileSnippet
  api=0 type=1 insize=2561 outsize=6 kw=DIRECTIONAL SHADOWS_SCREEN LIGHTMAP_OFF DIRLIGHTMAP_OFF DYNAMICLIGHTMAP_OFF FOG_EXP ok=1
Cmd: compileSnippet
  api=0 type=0 insize=3237 outsize=2533 kw=DIRECTIONAL SHADOWS_OFF LIGHTMAP_OFF DIRLIGHTMAP_OFF DYNAMICLIGHTMAP_OFF VERTEXLIGHT_ON ok=1
Cmd: compileSnippet
  api=0 type=0 insize=3237 outsize=3419 kw=DIRECTIONAL SHADOWS_SCREEN LIGHTMAP_OFF DIRLIGHTMAP_OFF DYNAMICLIGHTMAP_OFF FOG_EXP2 VERTEXLIGHT_ON ok=1
Cmd: compileSnippet
  api=0 type=0 insize=3066 outsize=3373 kw=DIRECTIONAL SHADOWS_SCREEN LIGHTMAP_OFF DIRLIGHTMAP_OFF DYNAMICLIGHTMAP_OFF FOG_EXP VERTEXLIGHT_ON ok=1
Cmd: compileSnippet
  api=0 type=0 insize=2643 outsize=1800 kw=POINT_COOKIE SHADOWS_OFF ok=1
Cmd: compileSnippet
  api=0 type=0 insize=2643 outsize=2137 kw=DIRECTIONAL_COOKIE SHADOWS_SCREEN ok=1
Cmd: compileSnippet
  api=0 type=0 insize=2643 outsize=1922 kw=POINT SHADOWS_CUBE SHADOWS_SOFT ok=1
Cmd: compileSnippet
  api=0 type=0 insize=2643 outsize=1799 kw=DIRECTIONAL_COOKIE SHADOWS_OFF FOG_EXP ok=1
Cmd: compileSnippet
  api=0 type=0 insize=2643 outsize=1922 kw=POINT_COOKIE SHADOWS_CUBE FOG_EXP ok=1
Cmd: compileSnippet
  api=0 type=0 insize=2643 outsize=1800 kw=POINT SHADOWS_OFF FOG_EXP2 ok=1
Cmd: compileSnippet
  api=0 type=0 insize=2643 outsize=1796 kw=SPOT SHADOWS_OFF FOG_EXP2 ok=1
Cmd: compileSnippet
  api=0 type=0 insize=2643 outsize=1992 kw=DIRECTIONAL SHADOWS_SCREEN FOG_EXP2 ok=1
Cmd: compileSnippet
  api=0 type=0 insize=2643 outsize=1914 kw=SPOT SHADOWS_DEPTH SHADOWS_SOFT SHADOWS_NATIVE FOG_EXP2 ok=1
Cmd: compileSnippet
  api=0 type=1 insize=2643 outsize=6 kw=SPOT SHADOWS_OFF ok=1
Cmd: compileSnippet
  api=0 type=1 insize=2643 outsize=6 kw=POINT_COOKIE SHADOWS_CUBE ok=1
Cmd: compileSnippet
  api=0 type=1 insize=2643 outsize=6 kw=POINT SHADOWS_OFF FOG_EXP ok=1
Cmd: compileSnippet
  api=0 type=1 insize=2643 outsize=6 kw=SPOT SHADOWS_DEPTH SHADOWS_NATIVE FOG_EXP ok=1
Cmd: compileSnippet
  api=0 type=1 insize=2643 outsize=6 kw=POINT_COOKIE SHADOWS_CUBE FOG_EXP ok=1
Cmd: compileSnippet
  api=0 type=1 insize=2643 outsize=6 kw=POINT SHADOWS_OFF FOG_EXP2 ok=1
Cmd: compileSnippet
  api=0 type=1 insize=2643 outsize=6 kw=DIRECTIONAL_COOKIE SHADOWS_OFF FOG_EXP2 ok=1
Cmd: compileSnippet
  api=0 type=1 insize=2643 outsize=6 kw=POINT SHADOWS_CUBE FOG_EXP2 ok=1
Cmd: compileSnippet
  api=0 type=1 insize=2643 outsize=6 kw=POINT SHADOWS_CUBE SHADOWS_SOFT FOG_EXP2 ok=1
Cmd: compileSnippet
  api=0 type=0 insize=1578 outsize=792 kw=SHADOWS_CUBE FOG_EXP2 ok=1
Cmd: compileSnippet
  api=0 type=1 insize=1578 outsize=6 kw=SHADOWS_CUBE FOG_EXP ok=1
Cmd: compileSnippet
  api=0 type=0 insize=4292 outsize=3746 kw=DIRECTIONAL SHADOWS_OFF LIGHTMAP_OFF DIRLIGHTMAP_OFF DYNAMICLIGHTMAP_OFF VERTEXLIGHT_ON ok=1
Cmd: compileSnippet
  api=0 type=0 insize=4185 outsize=3763 kw=SPOT SHADOWS_OFF ok=1
Cmd: compileSnippet
  api=0 type=0 insize=4185 outsize=3881 kw=SPOT SHADOWS_DEPTH SHADOWS_SOFT SHADOWS_NATIVE ok=1
Cmd: compileSnippet
  api=0 type=1 insize=4185 outsize=6 kw=SPOT SHADOWS_DEPTH SHADOWS_NATIVE ok=1
Cmd: compileSnippet
  api=0 type=1 insize=4185 outsize=6 kw=POINT_COOKIE SHADOWS_CUBE ok=1
Cmd: compileSnippet
  api=0 type=0 insize=4062 outsize=4024 kw=DIRECTIONAL SHADOWS_SCREEN LIGHTMAP_OFF DIRLIGHTMAP_OFF DYNAMICLIGHTMAP_OFF VERTEXLIGHT_ON ok=1
Cmd: compileSnippet
  api=0 type=0 insize=4027 outsize=3713 kw=POINT_COOKIE SHADOWS_OFF ok=1
Cmd: compileSnippet
  api=0 type=0 insize=4027 outsize=3827 kw=SPOT SHADOWS_DEPTH SHADOWS_SOFT SHADOWS_NATIVE ok=1
Cmd: compileSnippet
  api=0 type=1 insize=4027 outsize=6 kw=SPOT SHADOWS_OFF ok=1
Cmd: compileSnippet
  api=0 type=1 insize=4027 outsize=6 kw=DIRECTIONAL_COOKIE SHADOWS_SCREEN ok=1
Cmd: compileSnippet
  api=0 type=1 insize=4027 outsize=6 kw=POINT SHADOWS_CUBE SHADOWS_SOFT ok=1
Cmd: compileSnippet
  api=0 type=0 insize=3020 outsize=2946 kw=DIRECTIONAL SHADOWS_SCREEN LIGHTMAP_OFF DIRLIGHTMAP_OFF DYNAMICLIGHTMAP_OFF VERTEXLIGHT_ON ok=1
Cmd: compileSnippet
  api=0 type=0 insize=3020 outsize=2902 kw=DIRECTIONAL SHADOWS_OFF LIGHTMAP_OFF DIRLIGHTMAP_OFF DYNAMICLIGHTMAP_OFF FOG_EXP2 VERTEXLIGHT_ON ok=1
Cmd: compileSnippet
  api=0 type=0 insize=2505 outsize=1677 kw=SPOT SHADOWS_DEPTH SHADOWS_NATIVE ok=1
Cmd: compileSnippet
  api=0 type=0 insize=2505 outsize=1677 kw=SPOT SHADOWS_DEPTH SHADOWS_SOFT SHADOWS_NATIVE ok=1
Cmd: compileSnippet
  api=0 type=0 insize=2505 outsize=1417 kw=DIRECTIONAL SHADOWS_OFF FOG_EXP ok=1
Cmd: compileSnippet
  api=0 type=0 insize=2505 outsize=1563 kw=POINT_COOKIE SHADOWS_OFF FOG_EXP ok=1
Cmd: compileSnippet
  api=0 type=0 insize=2505 outsize=1900 kw=DIRECTIONAL_COOKIE SHADOWS_SCREEN FOG_EXP ok=1
Cmd: compileSnippet
  api=0 type=0 insize=2505 outsize=1677 kw=SPOT SHADOWS_DEPTH SHADOWS_SOFT SHADOWS_NATIVE FOG_EXP ok=1
Cmd: compileSnippet
  api=0 type=0 insize=2505 outsize=1417 kw=DIRECTIONAL SHADOWS_OFF FOG_EXP2 ok=1
Cmd: compileSnippet
  api=0 type=0 insize=2505 outsize=1677 kw=SPOT SHADOWS_DEPTH SHADOWS_NATIVE FOG_EXP2 ok=1
Cmd: compileSnippet
  api=0 type=0 insize=2505 outsize=1685 kw=POINT_COOKIE SHADOWS_CUBE FOG_EXP2 ok=1
Cmd: compileSnippet
  api=0 type=1 insize=2505 outsize=6 kw=SPOT SHADOWS_DEPTH SHADOWS_NATIVE ok=1
Cmd: compileSnippet
  api=0 type=1 insize=2505 outsize=6 kw=POINT_COOKIE SHADOWS_CUBE ok=1
Cmd: compileSnippet
  api=0 type=1 insize=2505 outsize=6 kw=POINT SHADOWS_OFF FOG_EXP ok=1
Cmd: compileSnippet
  api=0 type=1 insize=2505 outsize=6 kw=SPOT SHADOWS_OFF FOG_EXP ok=1
Cmd: compileSnippet
  api=0 type=1 insize=2505 outsize=6 kw=DIRECTIONAL SHADOWS_SCREEN FOG_EXP ok=1
Cmd: compileSnippet
  api=0 type=1 insize=2505 outsize=6 kw=SPOT SHADOWS_DEPTH SHADOWS_SOFT SHADOWS_NATIVE FOG_EXP ok=1
Cmd: compileSnippet
  api=0 type=1 insize=2505 outsize=6 kw=DIRECTIONAL SHADOWS_OFF FOG_EXP2 ok=1
Cmd: compileSnippet
  api=0 type=1 insize=2505 outsize=6 kw=SPOT SHADOWS_DEPTH SHADOWS_NATIVE FOG_EXP2 ok=1
Cmd: compileSnippet
  api=0 type=1 insize=2505 outsize=6 kw=POINT_COOKIE SHADOWS_CUBE FOG_EXP2 ok=1
Cmd: compileSnippet
  api=0 type=0 insize=3070 outsize=2856 kw=DIRECTIONAL SHADOWS_OFF LIGHTMAP_OFF DIRLIGHTMAP_OFF DYNAMICLIGHTMAP_OFF FOG_EXP VERTEXLIGHT_ON ok=1
Cmd: compileSnippet
  api=0 type=0 insize=3070 outsize=3359 kw=DIRECTIONAL SHADOWS_SCREEN LIGHTMAP_OFF DIRLIGHTMAP_OFF DYNAMICLIGHTMAP_OFF FOG_EXP2 VERTEXLIGHT_ON ok=1
Cmd: compileSnippet
  api=0 type=0 insize=2555 outsize=1682 kw=SPOT SHADOWS_DEPTH SHADOWS_NATIVE ok=1
Cmd: compileSnippet
  api=0 type=0 insize=2555 outsize=1682 kw=SPOT SHADOWS_DEPTH SHADOWS_SOFT SHADOWS_NATIVE ok=1
Cmd: compileSnippet
  api=0 type=0 insize=2555 outsize=1568 kw=POINT SHADOWS_OFF FOG_EXP ok=1
Cmd: compileSnippet
  api=0 type=0 insize=2555 outsize=1568 kw=POINT_COOKIE SHADOWS_OFF FOG_EXP ok=1
Cmd: compileSnippet
  api=0 type=0 insize=2555 outsize=1905 kw=DIRECTIONAL_COOKIE SHADOWS_SCREEN FOG_EXP ok=1
Cmd: compileSnippet
  api=0 type=0 insize=2555 outsize=1690 kw=POINT SHADOWS_CUBE SHADOWS_SOFT FOG_EXP ok=1
Cmd: compileSnippet
  api=0 type=0 insize=2555 outsize=1564 kw=SPOT SHADOWS_OFF FOG_EXP2 ok=1
Cmd: compileSnippet
  api=0 type=0 insize=2555 outsize=1760 kw=DIRECTIONAL SHADOWS_SCREEN FOG_EXP2 ok=1
Cmd: compileSnippet
  api=0 type=0 insize=2555 outsize=1682 kw=SPOT SHADOWS_DEPTH SHADOWS_SOFT SHADOWS_NATIVE FOG_EXP2 ok=1
Cmd: compileSnippet
  api=0 type=1 insize=2555 outsize=6 kw=SPOT SHADOWS_DEPTH SHADOWS_NATIVE ok=1
Cmd: compileSnippet
  api=0 type=1 insize=2555 outsize=6 kw=DIRECTIONAL_COOKIE SHADOWS_SCREEN ok=1
Cmd: compileSnippet
  api=0 type=1 insize=2555 outsize=6 kw=POINT SHADOWS_CUBE SHADOWS_SOFT ok=1
Cmd: compileSnippet
  api=0 type=1 insize=2555 outsize=6 kw=SPOT SHADOWS_OFF FOG_EXP ok=1
Cmd: compileSnippet
  api=0 type=1 insize=2555 outsize=6 kw=DIRECTIONAL SHADOWS_SCREEN FOG_EXP ok=1
Cmd: compileSnippet
  api=0 type=1 insize=2555 outsize=6 kw=SPOT SHADOWS_DEPTH SHADOWS_SOFT SHADOWS_NATIVE FOG_EXP ok=1
Cmd: compileSnippet
  api=0 type=1 insize=2555 outsize=6 kw=SPOT SHADOWS_OFF FOG_EXP2 ok=1
Cmd: compileSnippet
  api=0 type=1 insize=2555 outsize=6 kw=DIRECTIONAL SHADOWS_SCREEN FOG_EXP2 ok=1
Cmd: compileSnippet
  api=0 type=1 insize=2555 outsize=6 kw=SPOT SHADOWS_DEPTH SHADOWS_SOFT SHADOWS_NATIVE FOG_EXP2 ok=1
Cmd: compileSnippet
  api=0 type=0 insize=2644 outsize=1085 kw=DIRECTIONAL SHADOWS_OFF LIGHTMAP_OFF DIRLIGHTMAP_OFF DYNAMICLIGHTMAP_OFF VERTEXLIGHT_ON ok=1
Cmd: compileSnippet
  api=0 type=0 insize=2644 outsize=1517 kw=DIRECTIONAL SHADOWS_OFF LIGHTMAP_OFF DIRLIGHTMAP_OFF DYNAMICLIGHTMAP_OFF FOG_EXP2 ok=1
Cmd: compileSnippet
  api=0 type=1 insize=2644 outsize=6 kw=DIRECTIONAL SHADOWS_SCREEN LIGHTMAP_OFF DIRLIGHTMAP_OFF DYNAMICLIGHTMAP_OFF FOG_EXP2 ok=1
Cmd: compileSnippet
  api=0 type=0 insize=2259 outsize=976 kw=POINT_COOKIE SHADOWS_OFF ok=1
Cmd: compileSnippet
  api=0 type=0 insize=2259 outsize=1116 kw=POINT SHADOWS_CUBE ok=1
Cmd: compileSnippet
  api=0 type=0 insize=2259 outsize=976 kw=POINT SHADOWS_OFF FOG_EXP ok=1
Cmd: compileSnippet
  api=0 type=0 insize=2259 outsize=976 kw=POINT_COOKIE SHADOWS_OFF FOG_EXP ok=1
Cmd: compileSnippet
  api=0 type=0 insize=2259 outsize=1116 kw=POINT SHADOWS_CUBE FOG_EXP ok=1
Cmd: compileSnippet
  api=0 type=0 insize=2259 outsize=1116 kw=POINT_COOKIE SHADOWS_CUBE SHADOWS_SOFT FOG_EXP ok=1
Cmd: compileSnippet
  api=0 type=0 insize=2259 outsize=1108 kw=SPOT SHADOWS_DEPTH SHADOWS_NATIVE FOG_EXP2 ok=1
Cmd: compileSnippet
  api=0 type=0 insize=2259 outsize=1116 kw=POINT_COOKIE SHADOWS_CUBE FOG_EXP2 ok=1
Cmd: compileSnippet
  api=0 type=1 insize=2259 outsize=6 kw=SPOT SHADOWS_DEPTH SHADOWS_NATIVE ok=1
Cmd: compileSnippet
  api=0 type=1 insize=2259 outsize=6 kw=POINT_COOKIE SHADOWS_CUBE ok=1
Cmd: compileSnippet
  api=0 type=1 insize=2259 outsize=6 kw=POINT SHADOWS_OFF FOG_EXP ok=1
Cmd: compileSnippet
  api=0 type=1 insize=2259 outsize=6 kw=SPOT SHADOWS_DEPTH SHADOWS_NATIVE FOG_EXP ok=1
Cmd: compileSnippet
  api=0 type=1 insize=2259 outsize=6 kw=POINT SHADOWS_CUBE FOG_EXP ok=1
Cmd: compileSnippet
  api=0 type=1 insize=2259 outsize=6 kw=POINT_COOKIE SHADOWS_CUBE SHADOWS_SOFT FOG_EXP ok=1
Cmd: compileSnippet
  api=0 type=1 insize=2259 outsize=6 kw=SPOT SHADOWS_OFF FOG_EXP2 ok=1
Cmd: compileSnippet
  api=0 type=1 insize=2259 outsize=6 kw=DIRECTIONAL SHADOWS_SCREEN FOG_EXP2 ok=1
Cmd: compileSnippet
  api=0 type=1 insize=2259 outsize=6 kw=SPOT SHADOWS_DEPTH SHADOWS_SOFT SHADOWS_NATIVE FOG_EXP2 ok=1
Cmd: compileSnippet
  api=0 type=0 insize=1882 outsize=975 kw=SHADOWS_CUBE FOG_EXP2 ok=1
Cmd: compileSnippet
  api=0 type=1 insize=1882 outsize=6 kw=SHADOWS_CUBE ok=1
Cmd: compileSnippet
  api=0 type=0 insize=3969 outsize=3807 kw=DIRECTIONAL SHADOWS_SCREEN LIGHTMAP_OFF DIRLIGHTMAP_OFF DYNAMICLIGHTMAP_OFF VERTEXLIGHT_ON ok=1
Cmd: compileSnippet
  api=0 type=0 insize=3969 outsize=4249 kw=DIRECTIONAL SHADOWS_OFF LIGHTMAP_OFF DIRLIGHTMAP_OFF DYNAMICLIGHTMAP_OFF FOG_EXP2 ok=1
Cmd: compileSnippet
  api=0 type=1 insize=3969 outsize=6 kw=DIRECTIONAL SHADOWS_SCREEN LIGHTMAP_OFF DIRLIGHTMAP_OFF DYNAMICLIGHTMAP_OFF ok=1
Cmd: compileSnippet
  api=0 type=0 insize=1493 outsize=485 kw=POINT_COOKIE SHADOWS_OFF ok=1
Cmd: compileSnippet
  api=0 type=0 insize=1493 outsize=647 kw=POINT_COOKIE SHADOWS_CUBE ok=1
Cmd: compileSnippet
  api=0 type=1 insize=1493 outsize=6 kw=SPOT SHADOWS_DEPTH SHADOWS_NATIVE ok=1
Cmd: compileSnippet
  api=0 type=1 insize=1493 outsize=6 kw=SPOT SHADOWS_DEPTH SHADOWS_SOFT SHADOWS_NATIVE ok=1
Cmd: compileSnippet
  api=0 type=0 insize=3674 outsize=3478 kw=DIRECTIONAL SHADOWS_SCREEN LIGHTMAP_OFF DIRLIGHTMAP_OFF DYNAMICLIGHTMAP_OFF FOG_EXP VERTEXLIGHT_ON ok=1
Cmd: compileSnippet
  api=0 type=0 insize=3376 outsize=2691 kw=POINT_COOKIE SHADOWS_OFF ok=1
Cmd: compileSnippet
  api=0 type=0 insize=3376 outsize=2813 kw=POINT SHADOWS_CUBE ok=1
Cmd: compileSnippet
  api=0 type=0 insize=3376 outsize=2813 kw=POINT_COOKIE SHADOWS_CUBE SHADOWS_SOFT ok=1
Cmd: compileSnippet
  api=0 type=0 insize=3376 outsize=2690 kw=DIRECTIONAL_COOKIE SHADOWS_OFF FOG_EXP ok=1
Cmd: compileSnippet
  api=0 type=0 insize=3376 outsize=2813 kw=POINT SHADOWS_CUBE FOG_EXP ok=1
Cmd: compileSnippet
  api=0 type=0 insize=3376 outsize=2813 kw=POINT_COOKIE SHADOWS_CUBE SHADOWS_SOFT FOG_EXP ok=1
Cmd: compileSnippet
  api=0 type=0 insize=3376 outsize=2691 kw=POINT_COOKIE SHADOWS_OFF FOG_EXP2 ok=1
Cmd: compileSnippet
  api=0 type=0 insize=3376 outsize=3036 kw=DIRECTIONAL_COOKIE SHADOWS_SCREEN FOG_EXP2 ok=1
Cmd: compileSnippet
  api=0 type=0 insize=3376 outsize=2813 kw=POINT SHADOWS_CUBE SHADOWS_SOFT FOG_EXP2 ok=1
Cmd: compileSnippet
  api=0 type=1 insize=3376 outsize=6 kw=POINT_COOKIE SHADOWS_OFF ok=1
Cmd: compileSnippet
  api=0 type=1 insize=3376 outsize=6 kw=DIRECTIONAL_COOKIE SHADOWS_SCREEN ok=1
Cmd: compileSnippet
  api=0 type=1 insize=3376 outsize=6 kw=POINT SHADOWS_CUBE SHADOWS_SOFT ok=1
Cmd: compileSnippet
  api=0 type=1 insize=3376 outsize=6 kw=SPOT SHADOWS_OFF FOG_EXP ok=1
Cmd: compileSnippet
  api=0 type=1 insize=3376 outsize=6 kw=DIRECTIONAL SHADOWS_SCREEN FOG_EXP ok=1
Cmd: compileSnippet
  api=0 type=1 insize=3376 outsize=6 kw=SPOT SHADOWS_DEPTH SHADOWS_SOFT SHADOWS_NATIVE FOG_EXP ok=1
Cmd: compileSnippet
  api=0 type=1 insize=3376 outsize=6 kw=DIRECTIONAL SHADOWS_OFF FOG_EXP2 ok=1
Cmd: compileSnippet
  api=0 type=1 insize=3376 outsize=6 kw=SPOT SHADOWS_DEPTH SHADOWS_NATIVE FOG_EXP2 ok=1
Cmd: compileSnippet
  api=0 type=1 insize=3376 outsize=6 kw=POINT_COOKIE SHADOWS_CUBE FOG_EXP2 ok=1
Cmd: compileSnippet
  api=0 type=0 insize=2219 outsize=1734 kw=DIRECTIONAL SHADOWS_OFF LIGHTMAP_OFF DIRLIGHTMAP_OFF DYNAMICLIGHTMAP_OFF FOG_EXP VERTEXLIGHT_ON ok=1
Cmd: compileSnippet
  api=0 type=0 insize=2219 outsize=1792 kw=DIRECTIONAL SHADOWS_OFF LIGHTMAP_OFF DIRLIGHTMAP_OFF DYNAMICLIGHTMAP_OFF FOG_EXP2 VERTEXLIGHT_ON ok=1
Cmd: compileSnippet
  api=0 type=0 insize=1800 outsize=879 kw=SPOT SHADOWS_DEPTH SHADOWS_NATIVE ok=1
Cmd: compileSnippet
  api=0 type=0 insize=1800 outsize=887 kw=POINT_COOKIE SHADOWS_CUBE ok=1
Cmd: compileSnippet
  api=0 type=0 insize=1800 outsize=887 kw=POINT_COOKIE SHADOWS_CUBE SHADOWS_SOFT ok=1
Cmd: compileSnippet
  api=0 type=0 insize=1800 outsize=725 kw=POINT_COOKIE SHADOWS_OFF FOG_EXP ok=1
Cmd: compileSnippet
  api=0 type=0 insize=1800 outsize=887 kw=POINT SHADOWS_CUBE FOG_EXP ok=1
Cmd: compileSnippet
  api=0 type=0 insize=1800 outsize=887 kw=POINT_COOKIE SHADOWS_CUBE SHADOWS_SOFT FOG_EXP ok=1
Cmd: compileSnippet
  api=0 type=0 insize=1800 outsize=725 kw=POINT_COOKIE SHADOWS_OFF FOG_EXP2 ok=1
Cmd: compileSnippet
  api=0 type=0 insize=1800 outsize=1062 kw=DIRECTIONAL_COOKIE SHADOWS_SCREEN FOG_EXP2 ok=1
Cmd: compileSnippet
  api=0 type=0 insize=1800 outsize=887 kw=POINT SHADOWS_CUBE SHADOWS_SOFT FOG_EXP2 ok=1
Cmd: compileSnippet
  api=0 type=1 insize=1800 outsize=6 kw=SPOT SHADOWS_OFF ok=1
Cmd: compileSnippet
  api=0 type=1 insize=1800 outsize=6 kw=DIRECTIONAL SHADOWS_SCREEN ok=1
Cmd: compileSnippet
  api=0 type=1 insize=1800 outsize=6 kw=POINT_COOKIE SHADOWS_CUBE SHADOWS_SOFT ok=1
Cmd: compileSnippet
  api=0 type=1 insize=1800 outsize=6 kw=POINT_COOKIE SHADOWS_OFF FOG_EXP ok=1
Cmd: compileSnippet
  api=0 type=1 insize=1800 outsize=6 kw=DIRECTIONAL_COOKIE SHADOWS_SCREEN FOG_EXP ok=1
Cmd: compileSnippet
  api=0 type=1 insize=1800 outsize=6 kw=POINT SHADOWS_CUBE SHADOWS_SOFT FOG_EXP ok=1
Cmd: compileSnippet
  api=0 type=1 insize=1800 outsize=6 kw=SPOT SHADOWS_OFF FOG_EXP2 ok=1
Cmd: compileSnippet
  api=0 type=1 insize=1800 outsize=6 kw=DIRECTIONAL SHADOWS_SCREEN FOG_EXP2 ok=1
Cmd: compileSnippet
  api=0 type=1 insize=1800 outsize=6 kw=SPOT SHADOWS_DEPTH SHADOWS_SOFT SHADOWS_NATIVE FOG_EXP2 ok=1
Cmd: compileSnippet
  api=0 type=0 insize=1578 outsize=792 kw=SHADOWS_CUBE ok=1
Cmd: compileSnippet
  api=0 type=1 insize=1578 outsize=6 kw=SHADOWS_CUBE ok=1
Cmd: compileSnippet
  api=0 type=0 insize=4199 outsize=4178 kw=DIRECTIONAL SHADOWS_SCREEN LIGHTMAP_OFF DIRLIGHTMAP_OFF DYNAMICLIGHTMAP_OFF VERTEXLIGHT_ON ok=1
Cmd: compileSnippet
  api=0 type=0 insize=3257 outsize=3074 kw=POINT_COOKIE SHADOWS_OFF ok=1
Cmd: compileSnippet
  api=0 type=0 insize=3257 outsize=3196 kw=POINT SHADOWS_CUBE ok=1
Cmd: compileSnippet
  api=0 type=1 insize=3257 outsize=6 kw=SPOT SHADOWS_DEPTH SHADOWS_NATIVE ok=1
Cmd: compileSnippet
  api=0 type=1 insize=3257 outsize=6 kw=POINT_COOKIE SHADOWS_CUBE ok=1
Cmd: compileSnippet
  api=0 type=1 insize=3257 outsize=6 kw=POINT_COOKIE SHADOWS_CUBE SHADOWS_SOFT ok=1
Cmd: compileSnippet
  api=0 type=0 insize=1723 outsize=366 kw=DIRECTIONAL SHADOWS_OFF LIGHTMAP_OFF DIRLIGHTMAP_OFF DYNAMICLIGHTMAP_OFF VERTEXLIGHT_ON ok=1
Cmd: compileSnippet
  api=0 type=0 insize=1723 outsize=798 kw=DIRECTIONAL SHADOWS_OFF LIGHTMAP_OFF DIRLIGHTMAP_OFF DYNAMICLIGHTMAP_OFF FOG_EXP2 ok=1
Cmd: compileSnippet
  api=0 type=0 insize=1429 outsize=574 kw=SPOT SHADOWS_DEPTH SHADOWS_NATIVE ok=1
Cmd: compileSnippet
  api=0 type=0 insize=1429 outsize=574 kw=SPOT SHADOWS_DEPTH SHADOWS_SOFT SHADOWS_NATIVE ok=1
Cmd: compileSnippet
  api=0 type=0 insize=1429 outsize=267 kw=DIRECTIONAL SHADOWS_OFF FOG_EXP ok=1
Cmd: compileSnippet
  api=0 type=0 insize=1429 outsize=420 kw=POINT_COOKIE SHADOWS_OFF FOG_EXP ok=1
Cmd: compileSnippet
  api=0 type=0 insize=1429 outsize=757 kw=DIRECTIONAL_COOKIE SHADOWS_SCREEN FOG_EXP ok=1
Cmd: compileSnippet
  api=0 type=0 insize=1429 outsize=582 kw=POINT SHADOWS_CUBE SHADOWS_SOFT FOG_EXP ok=1
Cmd: compileSnippet
  api=0 type=0 insize=1429 outsize=416 kw=SPOT SHADOWS_OFF FOG_EXP2 ok=1
Cmd: compileSnippet
  api=0 type=0 insize=1429 outsize=605 kw=DIRECTIONAL SHADOWS_SCREEN FOG_EXP2 ok=1
Cmd: compileSnippet
  api=0 type=0 insize=1429 outsize=574 kw=SPOT SHADOWS_DEPTH SHADOWS_SOFT SHADOWS_NATIVE FOG_EXP2 ok=1
Cmd: compileSnippet
  api=0 type=1 insize=1429 outsize=6 kw=SPOT SHADOWS_OFF ok=1
Cmd: compileSnippet
  api=0 type=1 insize=1429 outsize=6 kw=POINT_COOKIE SHADOWS_CUBE ok=1
Cmd: compileSnippet
  api=0 type=1 insize=1429 outsize=6 kw=POINT SHADOWS_OFF FOG_EXP ok=1
Cmd: compileSnippet
  api=0 type=1 insize=1429 outsize=6 kw=DIRECTIONAL_COOKIE SHADOWS_OFF FOG_EXP ok=1
Cmd: compileSnippet
  api=0 type=1 insize=1429 outsize=6 kw=DIRECTIONAL_COOKIE SHADOWS_SCREEN FOG_EXP ok=1
Cmd: compileSnippet
  api=0 type=1 insize=1429 outsize=6 kw=POINT SHADOWS_CUBE SHADOWS_SOFT FOG_EXP ok=1
Cmd: compileSnippet
  api=0 type=1 insize=1429 outsize=6 kw=SPOT SHADOWS_OFF FOG_EXP2 ok=1
Cmd: compileSnippet
  api=0 type=1 insize=1429 outsize=6 kw=DIRECTIONAL SHADOWS_SCREEN FOG_EXP2 ok=1
Cmd: compileSnippet
  api=0 type=1 insize=1429 outsize=6 kw=POINT_COOKIE SHADOWS_CUBE FOG_EXP2 ok=1
Cmd: compileSnippet
  api=0 type=0 insize=4188 outsize=3723 kw=DIRECTIONAL SHADOWS_OFF LIGHTMAP_OFF DIRLIGHTMAP_OFF DYNAMICLIGHTMAP_OFF VERTEXLIGHT_ON ok=1
Cmd: compileSnippet
  api=0 type=0 insize=2560 outsize=1330 kw=DIRECTIONAL SHADOWS_SCREEN LIGHTMAP_OFF DIRLIGHTMAP_OFF DYNAMICLIGHTMAP_OFF ok=1
Cmd: compileSnippet
  api=0 type=0 insize=2560 outsize=1656 kw=DIRECTIONAL SHADOWS_SCREEN LIGHTMAP_OFF DIRLIGHTMAP_OFF DYNAMICLIGHTMAP_OFF FOG_EXP ok=1
Cmd: compileSnippet
  api=0 type=0 insize=2560 outsize=1710 kw=DIRECTIONAL SHADOWS_OFF LIGHTMAP_OFF DIRLIGHTMAP_OFF DYNAMICLIGHTMAP_OFF FOG_EXP2 VERTEXLIGHT_ON ok=1
Cmd: compileSnippet
  api=0 type=1 insize=2560 outsize=6 kw=DIRECTIONAL SHADOWS_OFF LIGHTMAP_OFF DIRLIGHTMAP_OFF DYNAMICLIGHTMAP_OFF FOG_EXP ok=1
Cmd: compileSnippet
  api=0 type=0 insize=2871 outsize=2434 kw=DIRECTIONAL SHADOWS_OFF LIGHTMAP_OFF DIRLIGHTMAP_OFF DYNAMICLIGHTMAP_OFF VERTEXLIGHT_ON ok=1
Cmd: compileSnippet
  api=0 type=0 insize=2871 outsize=2817 kw=DIRECTIONAL SHADOWS_OFF LIGHTMAP_OFF DIRLIGHTMAP_OFF DYNAMICLIGHTMAP_OFF FOG_EXP VERTEXLIGHT_ON ok=1
Cmd: compileSnippet
  api=0 type=0 insize=2871 outsize=2875 kw=DIRECTIONAL SHADOWS_SCREEN LIGHTMAP_OFF DIRLIGHTMAP_OFF DYNAMICLIGHTMAP_OFF FOG_EXP2 VERTEXLIGHT_ON ok=1
Cmd: compileSnippet
  api=0 type=1 insize=2871 outsize=6 kw=DIRECTIONAL SHADOWS_SCREEN LIGHTMAP_OFF DIRLIGHTMAP_OFF DYNAMICLIGHTMAP_OFF FOG_EXP ok=1
Cmd: compileSnippet
  api=0 type=0 insize=4132 outsize=3739 kw=DIRECTIONAL SHADOWS_OFF LIGHTMAP_OFF DIRLIGHTMAP_OFF DYNAMICLIGHTMAP_OFF VERTEXLIGHT_ON ok=1
Cmd: compileSnippet
  api=0 type=0 insize=4132 outsize=4123 kw=DIRECTIONAL SHADOWS_OFF LIGHTMAP_OFF DIRLIGHTMAP_OFF DYNAMICLIGHTMAP_OFF FOG_EXP VERTEXLIGHT_ON ok=1
Cmd: compileSnippet
  api=0 type=0 insize=4106 outsize=4368 kw=DIRECTIONAL SHADOWS_SCREEN LIGHTMAP_OFF DIRLIGHTMAP_OFF DYNAMICLIGHTMAP_OFF VERTEXLIGHT_ON ok=1
Cmd: compileSnippet
  api=0 type=0 insize=1945 outsize=633 kw=DIRECTIONAL SHADOWS_SCREEN LIGHTMAP_OFF DIRLIGHTMAP_OFF DYNAMICLIGHTMAP_OFF VERTEXLIGHT_ON ok=1
Cmd: compileSnippet
  api=0 type=0 insize=1945 outsize=959 kw=DIRECTIONAL SHADOWS_OFF LIGHTMAP_OFF DIRLIGHTMAP_OFF DYNAMICLIGHTMAP_OFF FOG_EXP VERTEXLIGHT_ON ok=1
Cmd: compileSnippet
  api=0 type=0 insize=1945 outsize=1013 kw=DIRECTIONAL SHADOWS_SCREEN LIGHTMAP_OFF DIRLIGHTMAP_OFF DYNAMICLIGHTMAP_OFF FOG_EXP2 VERTEXLIGHT_ON ok=1
Cmd: compileSnippet
  api=0 type=1 insize=1945 outsize=6 kw=DIRECTIONAL SHADOWS_SCREEN LIGHTMAP_OFF DIRLIGHTMAP_OFF DYNAMICLIGHTMAP_OFF FOG_EXP ok=1
Cmd: compileSnippet
  api=0 type=0 insize=3332 outsize=3039 kw=DIRECTIONAL SHADOWS_OFF LIGHTMAP_OFF DIRLIGHTMAP_OFF DYNAMICLIGHTMAP_OFF VERTEXLIGHT_ON ok=1
Cmd: compileSnippet
  api=0 type=0 insize=3220 outsize=3070 kw=SPOT SHADOWS_OFF ok=1
Cmd: compileSnippet
  api=0 type=0 insize=3220 outsize=3419 kw=DIRECTIONAL_COOKIE SHADOWS_SCREEN ok=1
Cmd: compileSnippet
  api=0 type=0 insize=3220 outsize=3196 kw=POINT SHADOWS_CUBE SHADOWS_SOFT ok=1
Cmd: compileSnippet
  api=0 type=1 insize=3220 outsize=6 kw=SPOT SHADOWS_OFF ok=1
Cmd: compileSnippet
  api=0 type=1 insize=3220 outsize=6 kw=DIRECTIONAL_COOKIE SHADOWS_SCREEN ok=1
Cmd: compileSnippet
  api=0 type=1 insize=3220 outsize=6 kw=POINT SHADOWS_CUBE SHADOWS_SOFT ok=1
Cmd: compileSnippet
  api=0 type=0 insize=2642 outsize=1979 kw=DIRECTIONAL SHADOWS_OFF LIGHTMAP_OFF DIRLIGHTMAP_OFF DYNAMICLIGHTMAP_OFF VERTEXLIGHT_ON ok=1
Cmd: compileSnippet
  api=0 type=0 insize=2689 outsize=1462 kw=DIRECTIONAL SHADOWS_OFF LIGHTMAP_OFF DIRLIGHTMAP_OFF DYNAMICLIGHTMAP_OFF VERTEXLIGHT_ON ok=1
Cmd: compileSnippet
  api=0 type=0 insize=2689 outsize=2236 kw=DIRECTIONAL SHADOWS_SCREEN LIGHTMAP_OFF DIRLIGHTMAP_OFF DYNAMICLIGHTMAP_OFF FOG_EXP VERTEXLIGHT_ON ok=1
Cmd: compileSnippet
  api=0 type=0 insize=2388 outsize=1467 kw=SPOT SHADOWS_OFF ok=1
Cmd: compileSnippet
  api=0 type=0 insize=2388 outsize=1593 kw=POINT SHADOWS_CUBE ok=1
Cmd: compileSnippet
  api=0 type=0 insize=2388 outsize=1325 kw=DIRECTIONAL SHADOWS_OFF FOG_EXP ok=1
Cmd: compileSnippet
  api=0 type=0 insize=2388 outsize=1467 kw=SPOT SHADOWS_OFF FOG_EXP ok=1
Cmd: compileSnippet
  api=0 type=0 insize=2388 outsize=1663 kw=DIRECTIONAL SHADOWS_SCREEN FOG_EXP ok=1
Cmd: compileSnippet
  api=0 type=0 insize=2388 outsize=1585 kw=SPOT SHADOWS_DEPTH SHADOWS_SOFT SHADOWS_NATIVE FOG_EXP ok=1
Cmd: compileSnippet
  api=0 type=0 insize=2388 outsize=1325 kw=DIRECTIONAL SHADOWS_OFF FOG_EXP2 ok=1
Cmd: compileSnippet
  api=0 type=0 insize=2388 outsize=1585 kw=SPOT SHADOWS_DEPTH SHADOWS_NATIVE FOG_EXP2 ok=1
Cmd: compileSnippet
  api=0 type=0 insize=2388 outsize=1593 kw=POINT_COOKIE SHADOWS_CUBE FOG_EXP2 ok=1
Cmd: compileSnippet
  api=0 type=1 insize=2388 outsize=6 kw=SPOT SHADOWS_DEPTH SHADOWS_NATIVE ok=1
Cmd: compileSnippet
  api=0 type=1 insize=2388 outsize=6 kw=POINT_COOKIE SHADOWS_CUBE ok=1
Cmd: compileSnippet
  api=0 type=1 insize=2388 outsize=6 kw=POINT SHADOWS_OFF FOG_EXP ok=1
Cmd: compileSnippet
  api=0 type=1 insize=2388 outsize=6 kw=DIRECTIONAL_COOKIE SHADOWS_OFF FOG_EXP ok=1
Cmd: compileSnippet
  api=0 type=1 insize=2388 outsize=6 kw=POINT_COOKIE SHADOWS_CUBE FOG_EXP ok=1
Cmd: compileSnippet
  api=0 type=1 insize=2388 outsize=6 kw=POINT SHADOWS_OFF FOG_EXP2 ok=1
Cmd: compileSnippet
  api=0 type=1 insize=2388 outsize=6 kw=DIRECTIONAL_COOKIE SHADOWS_OFF FOG_EXP2 ok=1
Cmd: compileSnippet
  api=0 type=1 insize=2388 outsize=6 kw=POINT SHADOWS_CUBE FOG_EXP2 ok=1
Cmd: compileSnippet
  api=0 type=1 insize=2388 outsize=6 kw=POINT_COOKIE SHADOWS_CUBE SHADOWS_SOFT FOG_EXP2 ok=1
Cmd: compileSnippet
  api=0 type=1 insize=1001 outsize=6 kw=FOG_EXP ok=1
Cmd: compileSnippet
  api=0 type=0 insize=6695 outsize=6697 kw=DIRECTIONAL SHADOWS_SCREEN LIGHTMAP_OFF DIRLIGHTMAP_OFF DYNAMICLIGHTMAP_OFF VERTEXLIGHT_ON ok=1
Cmd: compileSnippet
  api=0 type=0 insize=3517 outsize=2742 kw=SHADOWS_CUBE ok=1
Cmd: compileSnippet
  api=0 type=0 insize=541 outsize=487 kw=SHADOWS_CUBE ok=1
Cmd: compileSnippet
  api=0 type=0 insize=6810 outsize=2771 kw=DIRECTIONAL SHADOWS_SCREEN LIGHTMAP_OFF DIRLIGHTMAP_OFF DYNAMICLIGHTMAP_OFF ok=1
Cmd: compileSnippet
  api=0 type=0 insize=6810 outsize=3824 kw=DIRECTIONAL SHADOWS_OFF LIGHTMAP_OFF DIRLIGHTMAP_OFF DYNAMICLIGHTMAP_OFF FOG_EXP VERTEXLIGHT_ON ok=1
Cmd: compileSnippet
  api=0 type=0 insize=6810 outsize=4313 kw=DIRECTIONAL SHADOWS_SCREEN LIGHTMAP_OFF DIRLIGHTMAP_OFF DYNAMICLIGHTMAP_OFF FOG_EXP2 VERTEXLIGHT_ON ok=1
Cmd: compileSnippet
  api=0 type=1 insize=6810 outsize=6 kw=DIRECTIONAL SHADOWS_SCREEN LIGHTMAP_OFF DIRLIGHTMAP_OFF DYNAMICLIGHTMAP_OFF FOG_EXP ok=1
Cmd: compileSnippet
  api=0 type=0 insize=3647 outsize=1959 kw=SPOT ok=1
Cmd: compileSnippet
  api=0 type=0 insize=3647 outsize=2140 kw=SPOT FOG_EXP ok=1
Cmd: compileSnippet
  api=0 type=0 insize=3647 outsize=1724 kw=DIRECTIONAL FOG_EXP2 ok=1
Cmd: compileSnippet
  api=0 type=1 insize=3647 outsize=6 kw=DIRECTIONAL_COOKIE ok=1
Cmd: compileSnippet
  api=0 type=1 insize=3647 outsize=6 kw=POINT_COOKIE FOG_EXP ok=1
Cmd: compileSnippet
  api=0 type=1 insize=3647 outsize=6 kw=SPOT FOG_EXP2 ok=1
Cmd: compileSnippet
  api=0 type=0 insize=5995 outsize=2967 kw=LIGHTMAP_OFF DIRLIGHTMAP_OFF DYNAMICLIGHTMAP_OFF FOG_EXP UNITY_HDR_ON ok=1
Cmd: compileSnippet
  api=0 type=0 insize=5995 outsize=3025 kw=LIGHTMAP_OFF DIRLIGHTMAP_OFF DYNAMICLIGHTMAP_OFF FOG_EXP2 UNITY_HDR_ON ok=1
Cmd: compileSnippet
  api=0 type=1 insize=5995 outsize=6 kw=LIGHTMAP_OFF DIRLIGHTMAP_OFF DYNAMICLIGHTMAP_OFF FOG_EXP HDR_LIGHT_PREPASS_OFF ok=1
Cmd: compileSnippet
  api=0 type=0 insize=5928 outsize=2539 kw=LIGHTMAP_OFF DIRLIGHTMAP_OFF DYNAMICLIGHTMAP_OFF UNITY_HDR_ON ok=1
Cmd: compileSnippet
  api=0 type=0 insize=1275 outsize=2533 kw=DIRECTIONAL SHADOWS_OFF ok=1
Cmd: compileSnippet
  api=0 type=0 insize=1275 outsize=2849 kw=DIRECTIONAL SHADOWS_SCREEN ok=1
Cmd: compileSnippet
  api=0 type=0 insize=1275 outsize=3486 kw=POINT_COOKIE SHADOWS_CUBE ok=1
Cmd: compileSnippet
  api=0 type=1 insize=1275 outsize=6 kw=POINT_COOKIE SHADOWS_OFF ok=1
Cmd: compileSnippet
  api=0 type=1 insize=1275 outsize=6 kw=DIRECTIONAL_COOKIE SHADOWS_SCREEN ok=1
Cmd: compileSnippet
  api=0 type=1 insize=1275 outsize=6 kw=POINT SHADOWS_CUBE SHADOWS_SOFT ok=1
Cmd: compileSnippet
  api=0 type=0 insize=1268 outsize=3054 kw=SPOT SHADOWS_OFF ok=1
Cmd: compileSnippet
  api=0 type=0 insize=1268 outsize=3055 kw=DIRECTIONAL_COOKIE SHADOWS_SCREEN ok=1
Cmd: compileSnippet
  api=0 type=0 insize=1268 outsize=4184 kw=POINT SHADOWS_CUBE SHADOWS_SOFT ok=1
Cmd: compileSnippet
  api=0 type=1 insize=1268 outsize=6 kw=DIRECTIONAL SHADOWS_OFF ok=1
Cmd: compileSnippet
  api=0 type=1 insize=1268 outsize=6 kw=SPOT SHADOWS_DEPTH SHADOWS_NATIVE ok=1
Cmd: compileSnippet
  api=0 type=1 insize=1268 outsize=6 kw=POINT_COOKIE SHADOWS_CUBE ok=1
Cmd: compileSnippet
  api=0 type=0 insize=1273 outsize=2529 kw=DIRECTIONAL SHADOWS_OFF ok=1
Cmd: compileSnippet
  api=0 type=0 insize=1273 outsize=2781 kw=DIRECTIONAL_COOKIE SHADOWS_OFF ok=1
Cmd: compileSnippet
  api=0 type=0 insize=1273 outsize=3262 kw=POINT SHADOWS_CUBE ok=1
Cmd: compileSnippet
  api=0 type=0 insize=1273 outsize=4409 kw=POINT_COOKIE SHADOWS_CUBE SHADOWS_SOFT ok=1
Cmd: compileSnippet
  api=0 type=1 insize=1273 outsize=6 kw=POINT_COOKIE SHADOWS_OFF ok=1
Cmd: compileSnippet
  api=0 type=1 insize=1273 outsize=6 kw=DIRECTIONAL SHADOWS_SCREEN ok=1
Cmd: compileSnippet
  api=0 type=1 insize=1273 outsize=6 kw=SPOT SHADOWS_DEPTH SHADOWS_SOFT SHADOWS_NATIVE ok=1
Cmd: compileSnippet
  api=0 type=0 insize=1934 outsize=4060 kw=POINT_COOKIE SHADOWS_OFF ok=1
Cmd: compileSnippet
  api=0 type=0 insize=1934 outsize=3860 kw=DIRECTIONAL_COOKIE SHADOWS_OFF ok=1
Cmd: compileSnippet
  api=0 type=0 insize=1934 outsize=4358 kw=POINT SHADOWS_CUBE ok=1
Cmd: compileSnippet
  api=0 type=0 insize=1934 outsize=3842 kw=POINT SHADOWS_OFF UNITY_HDR_ON ok=1
Cmd: compileSnippet
  api=0 type=0 insize=1934 outsize=3851 kw=DIRECTIONAL_COOKIE SHADOWS_OFF UNITY_HDR_ON ok=1
Cmd: compileSnippet
  api=0 type=0 insize=1934 outsize=4349 kw=POINT SHADOWS_CUBE UNITY_HDR_ON ok=1
Cmd: compileSnippet
  api=0 type=0 insize=1934 outsize=5490 kw=POINT_COOKIE SHADOWS_CUBE SHADOWS_SOFT UNITY_HDR_ON ok=1
Cmd: compileSnippet
  api=0 type=1 insize=1934 outsize=6 kw=POINT_COOKIE SHADOWS_OFF ok=1
Cmd: compileSnippet
  api=0 type=1 insize=1934 outsize=6 kw=DIRECTIONAL SHADOWS_SCREEN ok=1
Cmd: compileSnippet
  api=0 type=1 insize=1934 outsize=6 kw=POINT_COOKIE SHADOWS_CUBE ok=1
Cmd: compileSnippet
  api=0 type=1 insize=1934 outsize=6 kw=POINT_COOKIE SHADOWS_CUBE SHADOWS_SOFT ok=1
Cmd: compileSnippet
  api=0 type=1 insize=1934 outsize=6 kw=POINT_COOKIE SHADOWS_OFF UNITY_HDR_ON ok=1
Cmd: compileSnippet
  api=0 type=1 insize=1934 outsize=6 kw=DIRECTIONAL_COOKIE SHADOWS_SCREEN UNITY_HDR_ON ok=1
Cmd: compileSnippet
  api=0 type=1 insize=1934 outsize=6 kw=POINT SHADOWS_CUBE SHADOWS_SOFT UNITY_HDR_ON ok=1
End of pipe

Quitting shader compiler process
